Done initializing, start training.
###############################
 Iteration 50:
Training:  pre --> 13.090357 post--> 8.816475
Validation:  pre--> 10.568489 post--> 8.272303
###############################
###############################
 Iteration 100:
Training:  pre --> 8.365791 post--> 5.836562
Validation:  pre--> 8.280063 post--> 5.8338675
###############################
###############################
 Iteration 150:
Training:  pre --> 9.495883 post--> 4.227037
Validation:  pre--> 10.310411 post--> 5.022446
###############################
###############################
 Iteration 200:
Training:  pre --> 8.451288 post--> 3.7441642
Validation:  pre--> 9.407009 post--> 4.8420897
###############################
###############################
 Iteration 250:
Training:  pre --> 7.3136535 post--> 3.4021194
Validation:  pre--> 8.424501 post--> 4.732159
###############################
###############################
 Iteration 300:
Training:  pre --> 11.466037 post--> 3.2166684
Validation:  pre--> 11.835783 post--> 4.5634565
###############################
###############################
 Iteration 350:
Training:  pre --> 13.187445 post--> 2.9401174
Validation:  pre--> 13.912364 post--> 4.681985
###############################
###############################
 Iteration 400:
Training:  pre --> 10.637045 post--> 2.6502082
Validation:  pre--> 10.409857 post--> 3.8679423
###############################
###############################
 Iteration 450:
Training:  pre --> 5.2703037 post--> 2.399992
Validation:  pre--> 8.601458 post--> 4.272845
###############################
###############################
 Iteration 500:
Training:  pre --> 6.343377 post--> 2.102591
Validation:  pre--> 9.908994 post--> 3.616553
###############################
###############################
 Iteration 550:
Training:  pre --> 8.120434 post--> 2.0490868
Validation:  pre--> 12.043598 post--> 3.4654865
###############################
###############################
 Iteration 600:
Training:  pre --> 5.1619864 post--> 1.4057899
Validation:  pre--> 9.172815 post--> 3.1344972
###############################
###############################
 Iteration 650:
Training:  pre --> 4.7095423 post--> 1.545593
Validation:  pre--> 9.849896 post--> 3.3168416
###############################
###############################
 Iteration 700:
Training:  pre --> 4.3211284 post--> 1.3182061
Validation:  pre--> 9.300703 post--> 2.585914
###############################
###############################
 Iteration 750:
Training:  pre --> 3.698333 post--> 0.87217283
Validation:  pre--> 6.9506125 post--> 2.3832355
###############################
###############################
 Iteration 800:
Training:  pre --> 4.5103664 post--> 1.1312463
Validation:  pre--> 8.039879 post--> 3.0961761
###############################
###############################
 Iteration 850:
Training:  pre --> 4.507498 post--> 1.1111147
Validation:  pre--> 9.75395 post--> 2.6628668
###############################
###############################
 Iteration 900:
Training:  pre --> 5.271468 post--> 0.9692731
Validation:  pre--> 8.394139 post--> 2.6575477
###############################
###############################
 Iteration 950:
Training:  pre --> 3.9351525 post--> 0.6837944
Validation:  pre--> 8.043954 post--> 2.5179808
###############################
###############################
 Iteration 1000:
Training:  pre --> 4.419036 post--> 0.6618627
Validation:  pre--> 7.5834894 post--> 2.1205487
###############################
###############################
 Iteration 1050:
Training:  pre --> 3.7506866 post--> 0.7482537
Validation:  pre--> 8.406071 post--> 2.4587874
###############################
###############################
 Iteration 1100:
Training:  pre --> 3.1131968 post--> 0.8280651
Validation:  pre--> 10.676021 post--> 2.6877165
###############################
###############################
 Iteration 1150:
Training:  pre --> 3.4030595 post--> 0.59284896
Validation:  pre--> 8.616693 post--> 2.9695084
###############################
###############################
 Iteration 1200:
Training:  pre --> 3.492588 post--> 0.41545242
Validation:  pre--> 10.62937 post--> 2.3064098
###############################
###############################
 Iteration 1250:
Training:  pre --> 2.849357 post--> 0.33772606
Validation:  pre--> 10.249376 post--> 2.2880435
###############################
###############################
 Iteration 1300:
Training:  pre --> 2.2249703 post--> 0.66129863
Validation:  pre--> 10.20742 post--> 2.4854865
###############################
###############################
 Iteration 1350:
Training:  pre --> 3.0523381 post--> 0.48824197
Validation:  pre--> 10.445688 post--> 2.6111283
###############################
###############################
 Iteration 1400:
Training:  pre --> 3.9122233 post--> 0.41462678
Validation:  pre--> 10.203546 post--> 2.446651
###############################
###############################
 Iteration 1450:
Training:  pre --> 3.4393845 post--> 0.56396925
Validation:  pre--> 10.338854 post--> 2.441339
###############################
###############################
 Iteration 1500:
Training:  pre --> 3.8714626 post--> 0.29932564
Validation:  pre--> 10.509914 post--> 2.3677459
###############################
###############################
 Iteration 1550:
Training:  pre --> 3.6139405 post--> 0.2656542
Validation:  pre--> 9.238747 post--> 2.1455486
###############################
###############################
 Iteration 1600:
Training:  pre --> 3.614158 post--> 0.2855992
Validation:  pre--> 11.259962 post--> 2.3242478
###############################
###############################
 Iteration 1650:
Training:  pre --> 3.4208126 post--> 0.43838802
Validation:  pre--> 11.387639 post--> 2.6481197
###############################
###############################
 Iteration 1700:
Training:  pre --> 4.1267204 post--> 0.17851058
Validation:  pre--> 11.654269 post--> 2.4639833
###############################
###############################
 Iteration 1750:
Training:  pre --> 3.5900521 post--> 0.17241499
Validation:  pre--> 12.462706 post--> 2.448309
###############################
###############################
 Iteration 1800:
Training:  pre --> 3.3675163 post--> 0.29494405
Validation:  pre--> 10.521112 post--> 2.2178278
###############################
###############################
 Iteration 1850:
Training:  pre --> 4.1071405 post--> 0.28908703
Validation:  pre--> 11.613276 post--> 2.2229323
###############################
###############################
 Iteration 1900:
Training:  pre --> 3.0219233 post--> 0.3379446
Validation:  pre--> 10.902147 post--> 2.7149558
###############################
###############################
 Iteration 1950:
Training:  pre --> 3.0945022 post--> 0.2802115
Validation:  pre--> 11.072796 post--> 2.418359
###############################
###############################
 Iteration 2000:
Training:  pre --> 3.7281423 post--> 0.3164971
Validation:  pre--> 11.091533 post--> 2.1313236
###############################
###############################
 Iteration 2050:
Training:  pre --> 4.248411 post--> 0.1825545
Validation:  pre--> 11.59342 post--> 2.218831
###############################
###############################
 Iteration 2100:
Training:  pre --> 3.3468623 post--> 0.21045773
Validation:  pre--> 13.113086 post--> 2.588872
###############################
###############################
 Iteration 2150:
Training:  pre --> 3.4351182 post--> 0.2786043
Validation:  pre--> 12.7663555 post--> 2.3206851
###############################
###############################
 Iteration 2200:
Training:  pre --> 3.9309182 post--> 0.15839115
Validation:  pre--> 12.233452 post--> 2.172872
###############################
###############################
 Iteration 2250:
Training:  pre --> 3.6037185 post--> 0.25093603
Validation:  pre--> 12.802442 post--> 1.9771811
###############################
###############################
 Iteration 2300:
Training:  pre --> 3.053021 post--> 0.28804594
Validation:  pre--> 12.306631 post--> 2.7560928
###############################
###############################
 Iteration 2350:
Training:  pre --> 4.0694284 post--> 0.18246207
Validation:  pre--> 13.296349 post--> 2.5154986
###############################
###############################
 Iteration 2400:
Training:  pre --> 3.3454547 post--> 0.17804633
Validation:  pre--> 11.879115 post--> 2.0335324
###############################
###############################
 Iteration 2450:
Training:  pre --> 3.6734657 post--> 0.34141082
Validation:  pre--> 12.65478 post--> 1.9536655
###############################
###############################
 Iteration 2500:
Training:  pre --> 4.1651983 post--> 0.25568143
Validation:  pre--> 12.936447 post--> 2.3873646
###############################
###############################
 Iteration 2550:
Training:  pre --> 2.1953115 post--> 0.17583671
Validation:  pre--> 10.87315 post--> 2.4507155
###############################
###############################
 Iteration 2600:
Training:  pre --> 3.0068421 post--> 0.13764098
Validation:  pre--> 11.235765 post--> 2.0833473
###############################
###############################
 Iteration 2650:
Training:  pre --> 3.5794291 post--> 0.09673472
Validation:  pre--> 12.368876 post--> 1.7575096
###############################
###############################
 Iteration 2700:
Training:  pre --> 4.1803937 post--> 0.27984172
Validation:  pre--> 13.595525 post--> 2.508282
###############################
###############################
 Iteration 2750:
Training:  pre --> 4.092393 post--> 0.13138287
Validation:  pre--> 13.505526 post--> 2.1226058
###############################
###############################
 Iteration 2800:
Training:  pre --> 4.717404 post--> 0.18889874
Validation:  pre--> 11.497644 post--> 2.9592397
###############################
###############################
 Iteration 2850:
Training:  pre --> 4.5311313 post--> 0.28355378
Validation:  pre--> 13.552774 post--> 2.3894918
###############################
###############################
 Iteration 2900:
Training:  pre --> 5.0881395 post--> 0.35628182
Validation:  pre--> 13.558681 post--> 2.2859328
###############################
###############################
 Iteration 2950:
Training:  pre --> 3.8361747 post--> 0.2604237
Validation:  pre--> 12.502604 post--> 2.578488
###############################
###############################
 Iteration 3000:
Training:  pre --> 3.2369442 post--> 0.31464323
Validation:  pre--> 9.83159 post--> 2.8564317
###############################
###############################
 Iteration 3050:
Training:  pre --> 4.3170767 post--> 0.20216647
Validation:  pre--> 12.585131 post--> 2.1012115
###############################
###############################
 Iteration 3100:
Training:  pre --> 4.3698187 post--> 0.2943496
Validation:  pre--> 13.561978 post--> 2.474248
###############################
###############################
 Iteration 3150:
Training:  pre --> 3.8548512 post--> 0.18099618
Validation:  pre--> 12.633922 post--> 2.6578727
###############################
###############################
 Iteration 3200:
Training:  pre --> 4.010003 post--> 0.18109247
Validation:  pre--> 13.847488 post--> 1.9780487
###############################
###############################
 Iteration 3250:
Training:  pre --> 3.1817517 post--> 0.19317189
Validation:  pre--> 11.155634 post--> 2.094992
###############################
###############################
 Iteration 3300:
Training:  pre --> 2.1142256 post--> 0.05678221
Validation:  pre--> 12.252241 post--> 2.5438185
###############################
###############################
 Iteration 3350:
Training:  pre --> 4.3180237 post--> 0.15837635
Validation:  pre--> 13.571155 post--> 1.9837806
###############################
###############################
 Iteration 3400:
Training:  pre --> 3.9837673 post--> 0.10543094
Validation:  pre--> 11.829333 post--> 2.2520404
###############################
###############################
 Iteration 3450:
Training:  pre --> 5.5856524 post--> 0.046593003
Validation:  pre--> 13.135127 post--> 2.1180995
###############################
###############################
 Iteration 3500:
Training:  pre --> 4.6986685 post--> 0.12353101
Validation:  pre--> 14.140155 post--> 2.3940723
###############################
###############################
 Iteration 3550:
Training:  pre --> 5.55257 post--> 0.11481227
Validation:  pre--> 12.980665 post--> 2.141667
###############################
###############################
 Iteration 3600:
Training:  pre --> 3.483083 post--> 0.07732502
Validation:  pre--> 12.504073 post--> 2.771925
###############################
###############################
 Iteration 3650:
Training:  pre --> 4.041201 post--> 0.09734878
Validation:  pre--> 11.520933 post--> 2.6864154
###############################
###############################
 Iteration 3700:
Training:  pre --> 4.574307 post--> 0.11479554
Validation:  pre--> 14.2559 post--> 2.196618
###############################
###############################
 Iteration 3750:
Training:  pre --> 4.539323 post--> 0.09637315
Validation:  pre--> 13.279307 post--> 2.317228
###############################
###############################
 Iteration 3800:
Training:  pre --> 4.1859417 post--> 0.21622245
Validation:  pre--> 12.535421 post--> 2.1104095
###############################
###############################
 Iteration 3850:
Training:  pre --> 3.5357463 post--> 0.18635087
Validation:  pre--> 13.237366 post--> 2.4732265
###############################
###############################
 Iteration 3900:
Training:  pre --> 5.2580934 post--> 0.21466736
Validation:  pre--> 14.270986 post--> 2.560573
###############################
###############################
 Iteration 3950:
Training:  pre --> 4.2372427 post--> 0.36921388
Validation:  pre--> 9.386536 post--> 2.4405997
###############################
###############################
 Iteration 4000:
Training:  pre --> 4.661508 post--> 0.31072992
Validation:  pre--> 14.759598 post--> 2.5885031
###############################
###############################
 Iteration 4050:
Training:  pre --> 3.9261081 post--> 0.07675079
Validation:  pre--> 11.715109 post--> 1.6801285
###############################
###############################
 Iteration 4100:
Training:  pre --> 3.261987 post--> 0.21085474
Validation:  pre--> 12.859134 post--> 2.609736
###############################
###############################
 Iteration 4150:
Training:  pre --> 4.277238 post--> 0.109769605
Validation:  pre--> 12.586424 post--> 2.5919771
###############################
###############################
 Iteration 4200:
Training:  pre --> 4.2207994 post--> 0.21065171
Validation:  pre--> 14.888211 post--> 2.3447895
###############################
###############################
 Iteration 4250:
Training:  pre --> 3.9232304 post--> 0.08626671
Validation:  pre--> 13.206743 post--> 2.36042
###############################
###############################
 Iteration 4300:
Training:  pre --> 4.574121 post--> 0.11305835
Validation:  pre--> 13.618124 post--> 2.1577964
###############################
###############################
 Iteration 4350:
Training:  pre --> 3.544506 post--> 0.20411322
Validation:  pre--> 13.747813 post--> 2.35428
###############################
###############################
 Iteration 4400:
Training:  pre --> 3.9637103 post--> 0.1563121
Validation:  pre--> 10.910528 post--> 2.2368207
###############################
###############################
 Iteration 4450:
Training:  pre --> 5.1685038 post--> 0.10366185
Validation:  pre--> 12.477386 post--> 2.5188632
###############################
###############################
 Iteration 4500:
Training:  pre --> 3.798387 post--> 0.1120976
Validation:  pre--> 13.050267 post--> 2.3822055
###############################
###############################
 Iteration 4550:
Training:  pre --> 4.5736465 post--> 0.38397172
Validation:  pre--> 12.463637 post--> 2.5322251
###############################
###############################
 Iteration 4600:
Training:  pre --> 3.5947323 post--> 0.50731
Validation:  pre--> 8.3664665 post--> 3.0621457
###############################
###############################
 Iteration 4650:
Training:  pre --> 3.763127 post--> 0.33734307
Validation:  pre--> 11.829816 post--> 2.6503825
###############################
###############################
 Iteration 4700:
Training:  pre --> 3.1215372 post--> 0.13747418
Validation:  pre--> 10.16287 post--> 2.3924165
###############################
###############################
 Iteration 4750:
Training:  pre --> 3.1972868 post--> 0.25042334
Validation:  pre--> 11.845053 post--> 2.3620067
###############################
###############################
 Iteration 4800:
Training:  pre --> 3.3660007 post--> 0.17379406
Validation:  pre--> 13.28396 post--> 2.0360413
###############################
###############################
 Iteration 4850:
Training:  pre --> 4.4889007 post--> 0.040602785
Validation:  pre--> 13.816546 post--> 2.2910936
###############################
###############################
 Iteration 4900:
Training:  pre --> 3.9138114 post--> 0.10401203
Validation:  pre--> 13.483055 post--> 2.1552393
###############################
###############################
 Iteration 4950:
Training:  pre --> 2.6534023 post--> 0.039960768
Validation:  pre--> 11.849025 post--> 1.8995454
###############################
###############################
 Iteration 5000:
Training:  pre --> 3.472938 post--> 0.09760268
Validation:  pre--> 13.205046 post--> 2.1768582
###############################
###############################
 Iteration 5050:
Training:  pre --> 2.0232217 post--> 0.12801279
Validation:  pre--> 13.207176 post--> 2.721087
###############################
###############################
 Iteration 5100:
Training:  pre --> 3.7700837 post--> 0.11821002
Validation:  pre--> 13.058148 post--> 2.4245973
###############################
###############################
 Iteration 5150:
Training:  pre --> 3.3048673 post--> 0.04923147
Validation:  pre--> 12.128748 post--> 2.5097008
###############################
###############################
 Iteration 5200:
Training:  pre --> 3.3986106 post--> 0.0855981
Validation:  pre--> 13.453238 post--> 2.4604785
###############################
###############################
 Iteration 5250:
Training:  pre --> 4.0095315 post--> 0.10987524
Validation:  pre--> 14.004468 post--> 2.608704
###############################
###############################
 Iteration 5300:
Training:  pre --> 4.898818 post--> 0.09124579
Validation:  pre--> 12.737457 post--> 2.3532126
###############################
###############################
 Iteration 5350:
Training:  pre --> 4.0947013 post--> 0.07059157
Validation:  pre--> 13.490503 post--> 2.243634
###############################
###############################
 Iteration 5400:
Training:  pre --> 4.667043 post--> 0.03789165
Validation:  pre--> 13.198578 post--> 3.1527352
###############################
###############################
 Iteration 5450:
Training:  pre --> 5.3506703 post--> 0.042855196
Validation:  pre--> 12.949469 post--> 1.8648351
###############################
###############################
 Iteration 5500:
Training:  pre --> 3.9986012 post--> 0.07064874
Validation:  pre--> 13.029648 post--> 2.8528717
###############################
###############################
 Iteration 5550:
Training:  pre --> 5.109777 post--> 0.08071651
Validation:  pre--> 11.293171 post--> 3.1180503
###############################
###############################
 Iteration 5600:
Training:  pre --> 4.2339563 post--> 0.045468446
Validation:  pre--> 13.585943 post--> 2.5475101
###############################
###############################
 Iteration 5650:
Training:  pre --> 3.4931712 post--> 0.108670175
Validation:  pre--> 13.340052 post--> 2.536366
###############################
###############################
 Iteration 5700:
Training:  pre --> 3.1917014 post--> 0.28460786
Validation:  pre--> 14.169794 post--> 3.1550457
###############################
###############################
 Iteration 5750:
Training:  pre --> 4.8864985 post--> 0.2679228
Validation:  pre--> 13.790738 post--> 2.5054793
###############################
###############################
 Iteration 5800:
Training:  pre --> 4.023294 post--> 0.17587045
Validation:  pre--> 13.145569 post--> 1.7452589
###############################
###############################
 Iteration 5850:
Training:  pre --> 3.6583774 post--> 0.1299416
Validation:  pre--> 11.985735 post--> 2.8675573
###############################
###############################
 Iteration 5900:
Training:  pre --> 2.8449073 post--> 0.10695128
Validation:  pre--> 13.386559 post--> 1.5476376
###############################
###############################
 Iteration 5950:
Training:  pre --> 2.9830112 post--> 0.052220464
Validation:  pre--> 14.107226 post--> 1.9705585
###############################
###############################
 Iteration 6000:
Training:  pre --> 4.393265 post--> 0.026012648
Validation:  pre--> 13.298271 post--> 2.7063832
###############################
###############################
 Iteration 6050:
Training:  pre --> 3.1540618 post--> 0.100123785
Validation:  pre--> 14.370379 post--> 2.4815924
###############################
###############################
 Iteration 6100:
Training:  pre --> 4.5244513 post--> 0.049173553
Validation:  pre--> 14.888979 post--> 2.2339907
###############################
###############################
 Iteration 6150:
Training:  pre --> 4.049193 post--> 0.06343417
Validation:  pre--> 12.573925 post--> 2.7048614
###############################
###############################
 Iteration 6200:
Training:  pre --> 4.898876 post--> 0.048092
Validation:  pre--> 14.346054 post--> 2.4511974
###############################
###############################
 Iteration 6250:
Training:  pre --> 3.327715 post--> 0.03830009
Validation:  pre--> 12.492392 post--> 2.341783
###############################
###############################
 Iteration 6300:
Training:  pre --> 3.6827438 post--> 0.07605569
Validation:  pre--> 13.588307 post--> 2.7218504
###############################
###############################
 Iteration 6350:
Training:  pre --> 4.368292 post--> 0.02872089
Validation:  pre--> 12.632216 post--> 2.2628589
###############################
###############################
 Iteration 6400:
Training:  pre --> 4.0525923 post--> 0.048789218
Validation:  pre--> 15.0542145 post--> 2.0834193
###############################
###############################
 Iteration 6450:
Training:  pre --> 4.7780733 post--> 0.046010923
Validation:  pre--> 14.796595 post--> 2.2413564
###############################
###############################
 Iteration 6500:
Training:  pre --> 4.7214227 post--> 0.08566997
Validation:  pre--> 13.674863 post--> 1.8486761
###############################
###############################
 Iteration 6550:
Training:  pre --> 4.778887 post--> 0.24427709
Validation:  pre--> 14.374843 post--> 2.1246793
###############################
###############################
 Iteration 6600:
Training:  pre --> 4.8352933 post--> 0.41157985
Validation:  pre--> 12.293313 post--> 3.1089149
###############################
###############################
 Iteration 6650:
Training:  pre --> 4.1519537 post--> 0.43448073
Validation:  pre--> 11.561907 post--> 2.49126
###############################
###############################
 Iteration 6700:
Training:  pre --> 4.923415 post--> 0.32607284
Validation:  pre--> 13.34747 post--> 2.8248649
###############################
###############################
 Iteration 6750:
Training:  pre --> 3.8956196 post--> 0.18392245
Validation:  pre--> 14.015582 post--> 2.3424885
###############################
###############################
 Iteration 6800:
Training:  pre --> 3.8361888 post--> 0.16309807
Validation:  pre--> 13.372492 post--> 1.9277477
###############################
###############################
 Iteration 6850:
Training:  pre --> 4.294252 post--> 0.05127225
Validation:  pre--> 13.411255 post--> 2.5277874
###############################
###############################
 Iteration 6900:
Training:  pre --> 3.9489357 post--> 0.045273826
Validation:  pre--> 13.67021 post--> 2.345175
###############################
###############################
 Iteration 6950:
Training:  pre --> 5.34776 post--> 0.05911216
Validation:  pre--> 15.387474 post--> 1.9000537
###############################
###############################
 Iteration 7000:
Training:  pre --> 5.4354134 post--> 0.041948818
Validation:  pre--> 13.70649 post--> 2.3979535
###############################
###############################
 Iteration 7050:
Training:  pre --> 4.558923 post--> 0.07123226
Validation:  pre--> 14.7906475 post--> 2.286159
###############################
###############################
 Iteration 7100:
Training:  pre --> 3.7899818 post--> 0.052098006
Validation:  pre--> 11.932289 post--> 2.5790434
###############################
###############################
 Iteration 7150:
Training:  pre --> 3.4322772 post--> 0.08358974
Validation:  pre--> 13.036577 post--> 2.1819732
###############################
###############################
 Iteration 7200:
Training:  pre --> 3.8118699 post--> 0.04396092
Validation:  pre--> 13.868236 post--> 2.2832584
###############################
###############################
 Iteration 7250:
Training:  pre --> 4.6671124 post--> 0.03513934
Validation:  pre--> 13.101219 post--> 2.257391
###############################
###############################
 Iteration 7300:
Training:  pre --> 3.3317275 post--> 0.08446421
Validation:  pre--> 14.414322 post--> 2.0996735
###############################
###############################
 Iteration 7350:
Training:  pre --> 4.936828 post--> 0.09985101
Validation:  pre--> 14.074985 post--> 2.1689224
###############################
###############################
 Iteration 7400:
Training:  pre --> 4.2560387 post--> 0.08641322
Validation:  pre--> 12.801351 post--> 1.8940907
###############################
###############################
 Iteration 7450:
Training:  pre --> 4.391898 post--> 0.040134035
Validation:  pre--> 13.0099945 post--> 2.4943655
###############################
###############################
 Iteration 7500:
Training:  pre --> 3.9770527 post--> 0.038318876
Validation:  pre--> 14.400296 post--> 1.8300381
###############################
###############################
 Iteration 7550:
Training:  pre --> 3.8897908 post--> 0.043051045
Validation:  pre--> 11.313276 post--> 2.0453932
###############################
###############################
 Iteration 7600:
Training:  pre --> 4.2763057 post--> 0.10960214
Validation:  pre--> 14.475405 post--> 2.1374745
###############################
###############################
 Iteration 7650:
Training:  pre --> 3.2401404 post--> 0.13081022
Validation:  pre--> 12.880081 post--> 2.2772596
###############################
###############################
 Iteration 7700:
Training:  pre --> 3.52 post--> 0.17676654
Validation:  pre--> 14.854541 post--> 2.1634152
###############################
###############################
 Iteration 7750:
Training:  pre --> 3.9726264 post--> 0.2319525
Validation:  pre--> 11.860924 post--> 1.8620403
###############################
###############################
 Iteration 7800:
Training:  pre --> 4.7031283 post--> 0.22813658
Validation:  pre--> 14.294538 post--> 2.833963
###############################
###############################
 Iteration 7850:
Training:  pre --> 3.1687367 post--> 0.20120886
Validation:  pre--> 12.64667 post--> 2.7767422
###############################
###############################
 Iteration 7900:
Training:  pre --> 5.0992565 post--> 0.1428158
Validation:  pre--> 14.3081455 post--> 2.3260124
###############################
###############################
 Iteration 7950:
Training:  pre --> 4.4273176 post--> 0.09398845
Validation:  pre--> 13.521423 post--> 1.7151989
###############################
###############################
 Iteration 8000:
Training:  pre --> 4.413823 post--> 0.095267914
Validation:  pre--> 14.087183 post--> 2.1799006
###############################
###############################
 Iteration 8050:
Training:  pre --> 4.5088186 post--> 0.04966584
Validation:  pre--> 12.416049 post--> 2.532538
###############################
###############################
 Iteration 8100:
Training:  pre --> 4.7582407 post--> 0.097857185
Validation:  pre--> 13.564697 post--> 2.085367
###############################
###############################
 Iteration 8150:
Training:  pre --> 3.0351393 post--> 0.08038021
Validation:  pre--> 13.890126 post--> 1.6625576
###############################
###############################
 Iteration 8200:
Training:  pre --> 3.631312 post--> 0.022027528
Validation:  pre--> 13.714312 post--> 2.1492085
###############################
###############################
 Iteration 8250:
Training:  pre --> 5.0856433 post--> 0.08383487
Validation:  pre--> 12.2872715 post--> 2.136657
###############################
###############################
 Iteration 8300:
Training:  pre --> 5.0854716 post--> 0.0175676
Validation:  pre--> 13.65004 post--> 2.0357566
###############################
###############################
 Iteration 8350:
Training:  pre --> 4.9559755 post--> 0.0146578
Validation:  pre--> 15.448766 post--> 1.857434
###############################
###############################
 Iteration 8400:
Training:  pre --> 3.22465 post--> 0.015992407
Validation:  pre--> 12.043464 post--> 2.2860112
###############################
###############################
 Iteration 8450:
Training:  pre --> 5.7244806 post--> 0.02965267
Validation:  pre--> 13.650642 post--> 2.20598
###############################
###############################
 Iteration 8500:
Training:  pre --> 4.1372867 post--> 0.08732488
Validation:  pre--> 13.4813795 post--> 2.1657012
###############################
###############################
 Iteration 8550:
Training:  pre --> 4.101354 post--> 0.1867481
Validation:  pre--> 12.389742 post--> 2.1160083
###############################
###############################
 Iteration 8600:
Training:  pre --> 4.7609587 post--> 0.27328515
Validation:  pre--> 13.9732895 post--> 2.2932067
###############################
###############################
 Iteration 8650:
Training:  pre --> 4.348603 post--> 0.24787886
Validation:  pre--> 14.447004 post--> 2.2517364
###############################
###############################
 Iteration 8700:
Training:  pre --> 5.1211553 post--> 0.13709852
Validation:  pre--> 12.256035 post--> 2.6368508
###############################
###############################
 Iteration 8750:
Training:  pre --> 2.3576684 post--> 0.08629263
Validation:  pre--> 12.318941 post--> 2.4835944
###############################
###############################
 Iteration 8800:
Training:  pre --> 3.1612132 post--> 0.18072356
Validation:  pre--> 14.365583 post--> 2.4299629
###############################
###############################
 Iteration 8850:
Training:  pre --> 5.179386 post--> 0.08047299
Validation:  pre--> 13.672447 post--> 2.71848
###############################
###############################
 Iteration 8900:
Training:  pre --> 4.954779 post--> 0.07224759
Validation:  pre--> 14.109251 post--> 2.093265
###############################
###############################
 Iteration 8950:
Training:  pre --> 4.9622564 post--> 0.048632007
Validation:  pre--> 12.82265 post--> 2.3252988
###############################
###############################
 Iteration 9000:
Training:  pre --> 4.104383 post--> 0.12422407
Validation:  pre--> 13.89696 post--> 2.4406197
###############################
###############################
 Iteration 9050:
Training:  pre --> 3.9894855 post--> 0.1656377
Validation:  pre--> 14.514073 post--> 2.7658439
###############################
###############################
 Iteration 9100:
Training:  pre --> 5.4425097 post--> 0.05336389
Validation:  pre--> 13.942528 post--> 2.0423474
###############################
###############################
 Iteration 9150:
Training:  pre --> 4.36836 post--> 0.026532197
Validation:  pre--> 14.424265 post--> 2.1822457
###############################
###############################
 Iteration 9200:
Training:  pre --> 3.2513306 post--> 0.107224956
Validation:  pre--> 12.38504 post--> 2.2614098
###############################
###############################
 Iteration 9250:
Training:  pre --> 3.3805873 post--> 0.019109238
Validation:  pre--> 13.790326 post--> 1.8978932
###############################
###############################
 Iteration 9300:
Training:  pre --> 3.988916 post--> 0.013439566
Validation:  pre--> 13.296344 post--> 2.375671
###############################
###############################
 Iteration 9350:
Training:  pre --> 4.4865575 post--> 0.017612388
Validation:  pre--> 15.149348 post--> 1.8153082
###############################
###############################
 Iteration 9400:
Training:  pre --> 4.755782 post--> 0.117154434
Validation:  pre--> 14.849024 post--> 2.3929417
###############################
###############################
 Iteration 9450:
Training:  pre --> 5.9221864 post--> 0.030893061
Validation:  pre--> 13.6368685 post--> 1.8505217
###############################
###############################
 Iteration 9500:
Training:  pre --> 5.077605 post--> 0.019581247
Validation:  pre--> 13.565005 post--> 2.1382618
###############################
###############################
 Iteration 9550:
Training:  pre --> 4.945098 post--> 0.058170043
Validation:  pre--> 13.818545 post--> 2.1935368
###############################
###############################
 Iteration 9600:
Training:  pre --> 5.7769556 post--> 0.13939613
Validation:  pre--> 15.196383 post--> 2.3798633
###############################
###############################
 Iteration 9650:
Training:  pre --> 3.772129 post--> 0.06524031
Validation:  pre--> 13.582492 post--> 2.3392484
###############################
###############################
 Iteration 9700:
Training:  pre --> 5.4977293 post--> 0.057710864
Validation:  pre--> 13.810679 post--> 2.3179011
###############################
###############################
 Iteration 9750:
Training:  pre --> 4.37626 post--> 0.021034203
Validation:  pre--> 12.042437 post--> 2.3056047
###############################
###############################
 Iteration 9800:
Training:  pre --> 4.452443 post--> 0.031029258
Validation:  pre--> 14.029741 post--> 2.439592
###############################
###############################
 Iteration 9850:
Training:  pre --> 5.039913 post--> 0.027218208
Validation:  pre--> 13.92157 post--> 1.9420252
###############################
###############################
 Iteration 9900:
Training:  pre --> 4.869138 post--> 0.08706512
Validation:  pre--> 13.905205 post--> 2.6353784
###############################
###############################
 Iteration 9950:
Training:  pre --> 3.2609859 post--> 0.06929511
Validation:  pre--> 13.288458 post--> 2.2735028
###############################
###############################
 Iteration 10000:
Training:  pre --> 4.8870287 post--> 0.10025152
Validation:  pre--> 14.968953 post--> 2.314202
###############################
###############################
 Iteration 10050:
Training:  pre --> 4.504286 post--> 0.13939643
Validation:  pre--> 14.145731 post--> 2.6449037
###############################
###############################
 Iteration 10100:
Training:  pre --> 4.306478 post--> 0.17914435
Validation:  pre--> 13.452295 post--> 2.123422
###############################
###############################
 Iteration 10150:
Training:  pre --> 4.212035 post--> 0.109727025
Validation:  pre--> 14.534737 post--> 2.0683877
###############################
###############################
 Iteration 10200:
Training:  pre --> 4.3044877 post--> 0.33128753
Validation:  pre--> 13.090924 post--> 3.3165638
###############################
###############################
 Iteration 10250:
Training:  pre --> 5.771045 post--> 0.40840015
Validation:  pre--> 15.679962 post--> 2.5280814
###############################
###############################
 Iteration 10300:
Training:  pre --> 4.606243 post--> 0.10933211
Validation:  pre--> 14.057071 post--> 2.6361737
###############################
###############################
 Iteration 10350:
Training:  pre --> 6.0197077 post--> 0.14698039
Validation:  pre--> 13.524309 post--> 2.8730378
###############################
###############################
 Iteration 10400:
Training:  pre --> 5.7171144 post--> 0.09319085
Validation:  pre--> 13.814827 post--> 2.694094
###############################
###############################
 Iteration 10450:
Training:  pre --> 4.5061145 post--> 0.029400278
Validation:  pre--> 14.151019 post--> 2.5014272
###############################
###############################
 Iteration 10500:
Training:  pre --> 3.564769 post--> 0.043205153
Validation:  pre--> 12.590251 post--> 2.0278833
###############################
###############################
 Iteration 10550:
Training:  pre --> 4.377127 post--> 0.046524275
Validation:  pre--> 14.081537 post--> 2.6432536
###############################
###############################
 Iteration 10600:
Training:  pre --> 5.321485 post--> 0.05758161
Validation:  pre--> 13.918161 post--> 2.3050852
###############################
###############################
 Iteration 10650:
Training:  pre --> 2.7619085 post--> 0.041182276
Validation:  pre--> 14.465802 post--> 2.1578574
###############################
###############################
 Iteration 10700:
Training:  pre --> 4.5993743 post--> 0.035853144
Validation:  pre--> 13.856799 post--> 2.4043274
###############################
###############################
 Iteration 10750:
Training:  pre --> 3.8895028 post--> 0.08412135
Validation:  pre--> 11.559157 post--> 2.4989161
###############################
###############################
 Iteration 10800:
Training:  pre --> 3.5194612 post--> 0.068008006
Validation:  pre--> 12.900442 post--> 2.9437377
###############################
###############################
 Iteration 10850:
Training:  pre --> 4.870036 post--> 0.030179584
Validation:  pre--> 15.161443 post--> 2.2028344
###############################
###############################
 Iteration 10900:
Training:  pre --> 3.7165725 post--> 0.094235756
Validation:  pre--> 14.129099 post--> 2.3883586
###############################
###############################
 Iteration 10950:
Training:  pre --> 4.971184 post--> 0.01714951
Validation:  pre--> 14.330185 post--> 2.715083
###############################
###############################
 Iteration 11000:
Training:  pre --> 3.9835064 post--> 0.0148266405
Validation:  pre--> 14.273633 post--> 2.1030564
###############################
###############################
 Iteration 11050:
Training:  pre --> 4.0237393 post--> 0.05101127
Validation:  pre--> 14.405154 post--> 2.9483342
###############################
###############################
 Iteration 11100:
Training:  pre --> 3.4733849 post--> 0.1427525
Validation:  pre--> 13.551724 post--> 2.6385372
###############################
###############################
 Iteration 11150:
Training:  pre --> 3.9241874 post--> 0.32018176
Validation:  pre--> 13.923737 post--> 2.172404
###############################
###############################
 Iteration 11200:
Training:  pre --> 3.665523 post--> 0.14075288
Validation:  pre--> 12.248715 post--> 2.1114814
###############################
###############################
 Iteration 11250:
Training:  pre --> 4.375548 post--> 0.21073297
Validation:  pre--> 13.65211 post--> 1.9813324
###############################
###############################
 Iteration 11300:
Training:  pre --> 4.7054057 post--> 0.10106965
Validation:  pre--> 15.291509 post--> 2.264453
###############################
###############################
 Iteration 11350:
Training:  pre --> 4.700001 post--> 0.050753683
Validation:  pre--> 15.076759 post--> 2.4147115
###############################
###############################
 Iteration 11400:
Training:  pre --> 3.7657502 post--> 0.07495646
Validation:  pre--> 14.850533 post--> 2.4475913
###############################
###############################
 Iteration 11450:
Training:  pre --> 4.2453723 post--> 0.05563141
Validation:  pre--> 15.6083555 post--> 2.1451805
###############################
###############################
 Iteration 11500:
Training:  pre --> 5.1405296 post--> 0.055299915
Validation:  pre--> 13.669508 post--> 1.836339
###############################
###############################
 Iteration 11550:
Training:  pre --> 4.0623727 post--> 0.011811396
Validation:  pre--> 13.859096 post--> 2.3946307
###############################
###############################
 Iteration 11600:
Training:  pre --> 5.003305 post--> 0.009129198
Validation:  pre--> 12.654333 post--> 2.578508
###############################
###############################
 Iteration 11650:
Training:  pre --> 4.2895985 post--> 0.051940255
Validation:  pre--> 13.876791 post--> 2.3612409
###############################
###############################
 Iteration 11700:
Training:  pre --> 5.3474035 post--> 0.024280569
Validation:  pre--> 13.658811 post--> 2.19875
###############################
###############################
 Iteration 11750:
Training:  pre --> 4.423544 post--> 0.055908103
Validation:  pre--> 14.176364 post--> 1.8172867
###############################
###############################
 Iteration 11800:
Training:  pre --> 4.358979 post--> 0.0823849
Validation:  pre--> 13.854472 post--> 2.1533952
###############################
###############################
 Iteration 11850:
Training:  pre --> 5.4319425 post--> 0.08978124
Validation:  pre--> 15.196671 post--> 2.329644
###############################
###############################
 Iteration 11900:
Training:  pre --> 5.218286 post--> 0.13003817
Validation:  pre--> 12.317594 post--> 3.0570052
###############################
###############################
 Iteration 11950:
Training:  pre --> 4.442923 post--> 0.39021724
Validation:  pre--> 14.710121 post--> 2.811191
###############################
###############################
 Iteration 12000:
Training:  pre --> 2.990519 post--> 0.30784383
Validation:  pre--> 15.094594 post--> 1.9965134
###############################
###############################
 Iteration 12050:
Training:  pre --> 3.1750007 post--> 0.1766046
Validation:  pre--> 12.58438 post--> 2.6892512
###############################
###############################
 Iteration 12100:
Training:  pre --> 4.992346 post--> 0.05578188
Validation:  pre--> 15.681578 post--> 2.830075
###############################
###############################
 Iteration 12150:
Training:  pre --> 3.917865 post--> 0.06263624
Validation:  pre--> 12.674593 post--> 2.3251197
###############################
###############################
 Iteration 12200:
Training:  pre --> 3.9230943 post--> 0.11598209
Validation:  pre--> 12.846683 post--> 2.3436918
###############################
###############################
 Iteration 12250:
Training:  pre --> 5.022748 post--> 0.11355798
Validation:  pre--> 13.066511 post--> 2.6578193
###############################
###############################
 Iteration 12300:
Training:  pre --> 6.074103 post--> 0.04420141
Validation:  pre--> 15.1041355 post--> 2.4147775
###############################
###############################
 Iteration 12350:
Training:  pre --> 3.5741775 post--> 0.038908385
Validation:  pre--> 13.152733 post--> 2.157702
###############################
###############################
 Iteration 12400:
Training:  pre --> 4.891732 post--> 0.06394326
Validation:  pre--> 13.205961 post--> 2.0609992
###############################
###############################
 Iteration 12450:
Training:  pre --> 4.2287626 post--> 0.041888934
Validation:  pre--> 14.299047 post--> 2.3397133
###############################
###############################
 Iteration 12500:
Training:  pre --> 5.280698 post--> 0.031292345
Validation:  pre--> 12.814981 post--> 2.003123
###############################
###############################
 Iteration 12550:
Training:  pre --> 4.657253 post--> 0.074965484
Validation:  pre--> 12.576544 post--> 2.1164098
###############################
###############################
 Iteration 12600:
Training:  pre --> 5.1233373 post--> 0.071059175
Validation:  pre--> 12.010379 post--> 2.705334
###############################
###############################
 Iteration 12650:
Training:  pre --> 4.4862356 post--> 0.05378122
Validation:  pre--> 12.811882 post--> 1.8937505
###############################
###############################
 Iteration 12700:
Training:  pre --> 4.5345373 post--> 0.19535558
Validation:  pre--> 14.087161 post--> 2.2019951
###############################
###############################
 Iteration 12750:
Training:  pre --> 5.397072 post--> 0.24656864
Validation:  pre--> 15.623114 post--> 2.8388615
###############################
###############################
 Iteration 12800:
Training:  pre --> 4.1807027 post--> 0.21760575
Validation:  pre--> 12.954532 post--> 2.6086752
###############################
###############################
 Iteration 12850:
Training:  pre --> 4.6446877 post--> 0.076581076
Validation:  pre--> 13.475082 post--> 2.9943855
###############################
###############################
 Iteration 12900:
Training:  pre --> 4.4650087 post--> 0.024325412
Validation:  pre--> 14.7586975 post--> 2.7928681
###############################
###############################
 Iteration 12950:
Training:  pre --> 6.210536 post--> 0.026379958
Validation:  pre--> 14.750601 post--> 2.7716436
###############################
###############################
 Iteration 13000:
Training:  pre --> 4.428131 post--> 0.034093045
Validation:  pre--> 14.885951 post--> 2.691765
###############################
###############################
 Iteration 13050:
Training:  pre --> 3.9631004 post--> 0.055354964
Validation:  pre--> 13.901001 post--> 2.191468
###############################
###############################
 Iteration 13100:
Training:  pre --> 3.998668 post--> 0.018312206
Validation:  pre--> 14.520801 post--> 2.514613
###############################
###############################
 Iteration 13150:
Training:  pre --> 4.49488 post--> 0.058029413
Validation:  pre--> 15.07704 post--> 2.5118642
###############################
###############################
 Iteration 13200:
Training:  pre --> 6.960173 post--> 0.019900177
Validation:  pre--> 14.20471 post--> 2.7848597
###############################
###############################
 Iteration 13250:
Training:  pre --> 5.5699368 post--> 0.038931258
Validation:  pre--> 13.517563 post--> 3.2239037
###############################
###############################
 Iteration 13300:
Training:  pre --> 4.698059 post--> 0.008844063
Validation:  pre--> 13.453497 post--> 1.9350888
###############################
###############################
 Iteration 13350:
Training:  pre --> 4.3862715 post--> 0.049525805
Validation:  pre--> 12.4460125 post--> 2.0984797
###############################
###############################
 Iteration 13400:
Training:  pre --> 4.734849 post--> 0.027162692
Validation:  pre--> 13.113449 post--> 2.896153
###############################
###############################
 Iteration 13450:
Training:  pre --> 4.1844497 post--> 0.0104942685
Validation:  pre--> 13.401758 post--> 2.8847518
###############################
###############################
 Iteration 13500:
Training:  pre --> 4.0303164 post--> 0.044683553
Validation:  pre--> 15.395601 post--> 2.1259706
###############################
###############################
 Iteration 13550:
Training:  pre --> 5.055138 post--> 0.0119495075
Validation:  pre--> 13.397708 post--> 3.1548858
###############################
###############################
 Iteration 13600:
Training:  pre --> 4.0251412 post--> 0.054622255
Validation:  pre--> 15.564837 post--> 2.1097388
###############################
###############################
 Iteration 13650:
Training:  pre --> 3.97821 post--> 0.079582326
Validation:  pre--> 12.9989395 post--> 2.2038875
###############################
###############################
 Iteration 13700:
Training:  pre --> 2.9026122 post--> 0.27136126
Validation:  pre--> 14.31929 post--> 2.543758
###############################
###############################
 Iteration 13750:
Training:  pre --> 4.3404818 post--> 0.5831137
Validation:  pre--> 15.593205 post--> 2.5617466
###############################
###############################
 Iteration 13800:
Training:  pre --> 3.9043396 post--> 0.28997606
Validation:  pre--> 14.624204 post--> 2.2946424
###############################
###############################
 Iteration 13850:
Training:  pre --> 6.429611 post--> 0.1583136
Validation:  pre--> 13.897038 post--> 2.1992714
###############################
###############################
 Iteration 13900:
Training:  pre --> 4.1196165 post--> 0.13797446
Validation:  pre--> 14.5173235 post--> 2.3662748
###############################
###############################
 Iteration 13950:
Training:  pre --> 3.9359183 post--> 0.06833775
Validation:  pre--> 13.578295 post--> 2.1740959
###############################
###############################
 Iteration 14000:
Training:  pre --> 5.7631817 post--> 0.041712563
Validation:  pre--> 14.026172 post--> 2.0120368
###############################
###############################
 Iteration 14050:
Training:  pre --> 4.3555994 post--> 0.02439433
Validation:  pre--> 13.822393 post--> 1.9760659
###############################
###############################
 Iteration 14100:
Training:  pre --> 3.5454316 post--> 0.06484862
Validation:  pre--> 14.094971 post--> 1.841909
###############################
###############################
 Iteration 14150:
Training:  pre --> 4.1622825 post--> 0.10093707
Validation:  pre--> 14.466873 post--> 1.9180896
###############################
###############################
 Iteration 14200:
Training:  pre --> 5.901468 post--> 0.06322814
Validation:  pre--> 13.534645 post--> 2.472185
###############################
###############################
 Iteration 14250:
Training:  pre --> 4.980552 post--> 0.027028844
Validation:  pre--> 14.708446 post--> 2.4623516
###############################
###############################
 Iteration 14300:
Training:  pre --> 5.583556 post--> 0.06415204
Validation:  pre--> 13.402638 post--> 2.2112117
###############################
###############################
 Iteration 14350:
Training:  pre --> 5.1881237 post--> 0.04194692
Validation:  pre--> 12.912326 post--> 2.2056992
###############################
###############################
 Iteration 14400:
Training:  pre --> 3.9544315 post--> 0.015958369
Validation:  pre--> 12.709859 post--> 2.4717076
###############################
###############################
 Iteration 14450:
Training:  pre --> 4.105796 post--> 0.022509385
Validation:  pre--> 13.443067 post--> 2.2413313
###############################
###############################
 Iteration 14500:
Training:  pre --> 5.403302 post--> 0.021573653
Validation:  pre--> 13.928981 post--> 2.174284
###############################
###############################
 Iteration 14550:
Training:  pre --> 4.4139123 post--> 0.03501461
Validation:  pre--> 13.707632 post--> 1.9797103
###############################
###############################
 Iteration 14600:
Training:  pre --> 6.166135 post--> 0.012660382
Validation:  pre--> 14.075007 post--> 2.41676
###############################
###############################
 Iteration 14650:
Training:  pre --> 5.525813 post--> 0.026810288
Validation:  pre--> 14.070063 post--> 1.7917026
###############################
###############################
 Iteration 14700:
Training:  pre --> 4.170025 post--> 0.008846255
Validation:  pre--> 15.519621 post--> 2.529612
###############################
###############################
 Iteration 14750:
Training:  pre --> 4.7476144 post--> 0.07870126
Validation:  pre--> 15.426081 post--> 2.4333525
###############################
###############################
 Iteration 14800:
Training:  pre --> 5.039262 post--> 0.024195936
Validation:  pre--> 15.289006 post--> 2.1480927
###############################
###############################
 Iteration 14850:
Training:  pre --> 3.9271178 post--> 0.07399547
Validation:  pre--> 13.80134 post--> 1.8879741
###############################
###############################
 Iteration 14900:
Training:  pre --> 4.0691743 post--> 0.013106577
Validation:  pre--> 13.890391 post--> 2.2069
###############################
###############################
 Iteration 14950:
Training:  pre --> 2.7667396 post--> 0.06419609
Validation:  pre--> 13.795537 post--> 2.4331317
###############################
###############################
 Iteration 15000:
Training:  pre --> 5.341728 post--> 0.10771187
Validation:  pre--> 13.929425 post--> 2.851178
###############################
###############################
 Iteration 15050:
Training:  pre --> 5.3212714 post--> 0.4640844
Validation:  pre--> 14.817839 post--> 2.6080818
###############################
###############################
 Iteration 15100:
Training:  pre --> 4.3229065 post--> 0.41298008
Validation:  pre--> 15.566637 post--> 2.7146
###############################
###############################
 Iteration 15150:
Training:  pre --> 7.1929193 post--> 0.1875673
Validation:  pre--> 14.40724 post--> 2.5353544
###############################
###############################
 Iteration 15200:
Training:  pre --> 4.485942 post--> 0.05975197
Validation:  pre--> 14.448993 post--> 2.3110871
###############################
###############################
 Iteration 15250:
Training:  pre --> 4.260254 post--> 0.12875454
Validation:  pre--> 14.3106785 post--> 2.0741508
###############################
###############################
 Iteration 15300:
Training:  pre --> 3.4938786 post--> 0.076593995
Validation:  pre--> 15.647995 post--> 2.533538
###############################
###############################
 Iteration 15350:
Training:  pre --> 3.7338586 post--> 0.05000657
Validation:  pre--> 13.021555 post--> 2.529908
###############################
###############################
 Iteration 15400:
Training:  pre --> 6.424287 post--> 0.13330358
Validation:  pre--> 14.43054 post--> 1.8459082
###############################
###############################
 Iteration 15450:
Training:  pre --> 4.1439247 post--> 0.043760605
Validation:  pre--> 13.801222 post--> 2.3759437
###############################
###############################
 Iteration 15500:
Training:  pre --> 3.7868323 post--> 0.07004795
Validation:  pre--> 13.515935 post--> 2.2177703
###############################
###############################
 Iteration 15550:
Training:  pre --> 5.8848495 post--> 0.04617393
Validation:  pre--> 13.318335 post--> 2.4341946
###############################
###############################
 Iteration 15600:
Training:  pre --> 5.5271897 post--> 0.009933246
Validation:  pre--> 13.846983 post--> 2.1977088
###############################
###############################
 Iteration 15650:
Training:  pre --> 4.5375986 post--> 0.061062954
Validation:  pre--> 15.241272 post--> 1.7054608
###############################
###############################
 Iteration 15700:
Training:  pre --> 6.595156 post--> 0.06369866
Validation:  pre--> 14.376368 post--> 2.9290407
###############################
###############################
 Iteration 15750:
Training:  pre --> 4.989412 post--> 0.09684471
Validation:  pre--> 13.852733 post--> 2.0238342
###############################
###############################
 Iteration 15800:
Training:  pre --> 5.693574 post--> 0.06848528
Validation:  pre--> 13.996222 post--> 2.6867824
###############################
###############################
 Iteration 15850:
Training:  pre --> 5.077062 post--> 0.063766435
Validation:  pre--> 13.272357 post--> 2.7623553
###############################
###############################
 Iteration 15900:
Training:  pre --> 4.4906445 post--> 0.06914903
Validation:  pre--> 13.063756 post--> 1.6404269
###############################
###############################
 Iteration 15950:
Training:  pre --> 4.8862996 post--> 0.052366804
Validation:  pre--> 16.4261 post--> 2.1347432
###############################
###############################
 Iteration 16000:
Training:  pre --> 5.9073915 post--> 0.12280916
Validation:  pre--> 15.121733 post--> 2.4585252
###############################
###############################
 Iteration 16050:
Training:  pre --> 6.176083 post--> 0.066478185
Validation:  pre--> 14.484428 post--> 2.0929804
###############################
###############################
 Iteration 16100:
Training:  pre --> 5.3978224 post--> 0.059447013
Validation:  pre--> 13.623408 post--> 2.0939867
###############################
###############################
 Iteration 16150:
Training:  pre --> 4.750169 post--> 0.07594373
Validation:  pre--> 15.183957 post--> 2.5163856
###############################
###############################
 Iteration 16200:
Training:  pre --> 5.1565413 post--> 0.018119432
Validation:  pre--> 15.014025 post--> 2.2346568
###############################
###############################
 Iteration 16250:
Training:  pre --> 5.6148977 post--> 0.025021171
Validation:  pre--> 12.461069 post--> 1.9438486
###############################
###############################
 Iteration 16300:
Training:  pre --> 5.402055 post--> 0.05228565
Validation:  pre--> 14.46707 post--> 2.5241342
###############################
###############################
 Iteration 16350:
Training:  pre --> 4.099002 post--> 0.02232517
Validation:  pre--> 13.152533 post--> 2.3518069
###############################
###############################
 Iteration 16400:
Training:  pre --> 3.9203122 post--> 0.022057975
Validation:  pre--> 12.82327 post--> 1.8655865
###############################
###############################
 Iteration 16450:
Training:  pre --> 6.1166973 post--> 0.036899477
Validation:  pre--> 14.721379 post--> 1.981301
###############################
###############################
 Iteration 16500:
Training:  pre --> 3.1896594 post--> 0.095438704
Validation:  pre--> 14.242824 post--> 2.495193
###############################
###############################
 Iteration 16550:
Training:  pre --> 5.528096 post--> 0.1396456
Validation:  pre--> 16.28999 post--> 1.8930161
###############################
###############################
 Iteration 16600:
Training:  pre --> 5.869637 post--> 0.14043629
Validation:  pre--> 14.3007145 post--> 2.044062
###############################
###############################
 Iteration 16650:
Training:  pre --> 5.088971 post--> 0.1739326
Validation:  pre--> 15.141538 post--> 2.020909
###############################
###############################
 Iteration 16700:
Training:  pre --> 4.3944397 post--> 0.17039962
Validation:  pre--> 14.39744 post--> 2.3380818
###############################
###############################
 Iteration 16750:
Training:  pre --> 6.3662634 post--> 0.1278238
Validation:  pre--> 14.032797 post--> 3.4068336
###############################
###############################
 Iteration 16800:
Training:  pre --> 5.876032 post--> 0.080815695
Validation:  pre--> 14.427877 post--> 2.5813136
###############################
###############################
 Iteration 16850:
Training:  pre --> 4.97795 post--> 0.041178647
Validation:  pre--> 13.146405 post--> 2.4724064
###############################
###############################
 Iteration 16900:
Training:  pre --> 3.0381656 post--> 0.096702024
Validation:  pre--> 15.176106 post--> 2.278685
###############################
###############################
 Iteration 16950:
Training:  pre --> 5.4798536 post--> 0.039597742
Validation:  pre--> 13.136972 post--> 2.5021415
###############################
###############################
 Iteration 17000:
Training:  pre --> 5.2549496 post--> 0.02514415
Validation:  pre--> 15.26901 post--> 1.9187977
###############################
###############################
 Iteration 17050:
Training:  pre --> 4.1962175 post--> 0.012343241
Validation:  pre--> 13.740123 post--> 1.899874
###############################
###############################
 Iteration 17100:
Training:  pre --> 5.470208 post--> 0.017988076
Validation:  pre--> 14.001318 post--> 2.3895278
###############################
###############################
 Iteration 17150:
Training:  pre --> 4.5758567 post--> 0.031980783
Validation:  pre--> 14.244075 post--> 3.090113
###############################
###############################
 Iteration 17200:
Training:  pre --> 5.091431 post--> 0.011900535
Validation:  pre--> 14.208034 post--> 2.3813257
###############################
###############################
 Iteration 17250:
Training:  pre --> 3.4439297 post--> 0.048847824
Validation:  pre--> 14.936055 post--> 2.2992363
###############################
###############################
 Iteration 17300:
Training:  pre --> 3.864867 post--> 0.017708885
Validation:  pre--> 15.390071 post--> 1.8537029
###############################
###############################
 Iteration 17350:
Training:  pre --> 5.082871 post--> 0.016622746
Validation:  pre--> 13.881126 post--> 2.1640916
###############################
###############################
 Iteration 17400:
Training:  pre --> 4.2313843 post--> 0.09387213
Validation:  pre--> 14.020645 post--> 2.1571803
###############################
###############################
 Iteration 17450:
Training:  pre --> 4.3136225 post--> 0.022289945
Validation:  pre--> 15.310269 post--> 2.2479796
###############################
###############################
 Iteration 17500:
Training:  pre --> 4.4717636 post--> 0.04407441
Validation:  pre--> 14.4840145 post--> 1.9259609
###############################
###############################
 Iteration 17550:
Training:  pre --> 5.0275464 post--> 0.40702137
Validation:  pre--> 12.939661 post--> 3.136983
###############################
###############################
 Iteration 17600:
Training:  pre --> 4.9194574 post--> 0.31632915
Validation:  pre--> 13.653608 post--> 2.1855564
###############################
###############################
 Iteration 17650:
Training:  pre --> 4.5330505 post--> 0.15586287
Validation:  pre--> 14.219653 post--> 2.4418724
###############################
###############################
 Iteration 17700:
Training:  pre --> 3.7704225 post--> 0.13737448
Validation:  pre--> 13.703509 post--> 2.6543536
###############################
###############################
 Iteration 17750:
Training:  pre --> 6.611511 post--> 0.068948776
Validation:  pre--> 14.367864 post--> 2.6913548
###############################
###############################
 Iteration 17800:
Training:  pre --> 5.133601 post--> 0.11300552
Validation:  pre--> 14.676242 post--> 2.3832488
###############################
###############################
 Iteration 17850:
Training:  pre --> 4.737064 post--> 0.07717313
Validation:  pre--> 15.083666 post--> 1.9299457
###############################
###############################
 Iteration 17900:
Training:  pre --> 5.975111 post--> 0.06521828
Validation:  pre--> 13.13161 post--> 2.664622
###############################
###############################
 Iteration 17950:
Training:  pre --> 2.8486304 post--> 0.07843267
Validation:  pre--> 14.687159 post--> 2.6470196
###############################
###############################
 Iteration 18000:
Training:  pre --> 5.4011793 post--> 0.017212613
Validation:  pre--> 12.902344 post--> 2.7132795
###############################
###############################
 Iteration 18050:
Training:  pre --> 4.2732167 post--> 0.07069941
Validation:  pre--> 13.907438 post--> 2.3263643
###############################
###############################
 Iteration 18100:
Training:  pre --> 3.858333 post--> 0.040651225
Validation:  pre--> 13.770841 post--> 2.7039237
###############################
###############################
 Iteration 18150:
Training:  pre --> 5.055806 post--> 0.05043494
Validation:  pre--> 14.867357 post--> 2.5598946
###############################
###############################
 Iteration 18200:
Training:  pre --> 3.6688805 post--> 0.052119743
Validation:  pre--> 12.132512 post--> 1.9562906
###############################
###############################
 Iteration 18250:
Training:  pre --> 4.7656183 post--> 0.057092763
Validation:  pre--> 13.27917 post--> 2.563901
###############################
###############################
 Iteration 18300:
Training:  pre --> 4.8842325 post--> 0.04379684
Validation:  pre--> 12.228486 post--> 2.6009765
###############################
###############################
 Iteration 18350:
Training:  pre --> 4.9668474 post--> 0.02129634
Validation:  pre--> 14.925768 post--> 2.4991353
###############################
###############################
 Iteration 18400:
Training:  pre --> 4.1865807 post--> 0.021699939
Validation:  pre--> 15.725627 post--> 2.2137132
###############################
###############################
 Iteration 18450:
Training:  pre --> 3.8020625 post--> 0.028047154
Validation:  pre--> 15.441806 post--> 2.3556848
###############################
###############################
 Iteration 18500:
Training:  pre --> 4.0822234 post--> 0.009456973
Validation:  pre--> 13.892632 post--> 2.4742074
###############################
###############################
 Iteration 18550:
Training:  pre --> 5.7086134 post--> 0.0076109776
Validation:  pre--> 14.528302 post--> 2.3751206
###############################
###############################
 Iteration 18600:
Training:  pre --> 2.8786588 post--> 0.026310494
Validation:  pre--> 13.812616 post--> 2.7190337
###############################
###############################
 Iteration 18650:
Training:  pre --> 4.637994 post--> 0.024198605
Validation:  pre--> 14.431488 post--> 2.3585556
###############################
###############################
 Iteration 18700:
Training:  pre --> 3.7194664 post--> 0.046471674
Validation:  pre--> 14.567688 post--> 2.2917953
###############################
###############################
 Iteration 18750:
Training:  pre --> 6.2380753 post--> 0.060086995
Validation:  pre--> 15.53477 post--> 2.3492289
###############################
###############################
 Iteration 18800:
Training:  pre --> 4.8501983 post--> 0.15404874
Validation:  pre--> 14.190508 post--> 2.5715666
###############################
###############################
 Iteration 18850:
Training:  pre --> 3.7773767 post--> 0.50553095
Validation:  pre--> 13.233297 post--> 2.0512047
###############################
###############################
 Iteration 18900:
Training:  pre --> 5.201923 post--> 0.3094674
Validation:  pre--> 14.867528 post--> 2.1353507
###############################
###############################
 Iteration 18950:
Training:  pre --> 5.8085747 post--> 0.16158605
Validation:  pre--> 13.70522 post--> 2.1426296
###############################
###############################
 Iteration 19000:
Training:  pre --> 4.391783 post--> 0.215801
Validation:  pre--> 14.220055 post--> 2.204884
###############################
###############################
 Iteration 19050:
Training:  pre --> 5.596744 post--> 0.047627445
Validation:  pre--> 13.767599 post--> 2.6086848
###############################
###############################
 Iteration 19100:
Training:  pre --> 3.5577576 post--> 0.10778093
Validation:  pre--> 14.446081 post--> 2.6331515
###############################
###############################
 Iteration 19150:
Training:  pre --> 5.2277 post--> 0.083845764
Validation:  pre--> 13.072901 post--> 2.31151
###############################
###############################
 Iteration 19200:
Training:  pre --> 4.861764 post--> 0.053417943
Validation:  pre--> 14.044438 post--> 2.4990325
###############################
###############################
 Iteration 19250:
Training:  pre --> 5.130147 post--> 0.09774171
Validation:  pre--> 14.737439 post--> 2.327489
###############################
###############################
 Iteration 19300:
Training:  pre --> 3.5012078 post--> 0.07195243
Validation:  pre--> 13.828806 post--> 1.9417412
###############################
###############################
 Iteration 19350:
Training:  pre --> 4.2688923 post--> 0.017946789
Validation:  pre--> 14.426598 post--> 2.1360552
###############################
###############################
 Iteration 19400:
Training:  pre --> 3.3115444 post--> 0.07829585
Validation:  pre--> 14.858487 post--> 2.2097707
###############################
###############################
 Iteration 19450:
Training:  pre --> 5.510139 post--> 0.017235214
Validation:  pre--> 14.029613 post--> 1.9645983
###############################
###############################
 Iteration 19500:
Training:  pre --> 5.184417 post--> 0.0219899
Validation:  pre--> 14.952207 post--> 2.353189
###############################
###############################
 Iteration 19550:
Training:  pre --> 5.355049 post--> 0.07990278
Validation:  pre--> 14.628779 post--> 2.1572423
###############################
###############################
 Iteration 19600:
Training:  pre --> 5.660611 post--> 0.123720504
Validation:  pre--> 15.664633 post--> 2.5763657
###############################
###############################
 Iteration 19650:
Training:  pre --> 3.8488526 post--> 0.042821445
Validation:  pre--> 15.047546 post--> 1.616559
###############################
###############################
 Iteration 19700:
Training:  pre --> 4.407655 post--> 0.06344867
Validation:  pre--> 14.221326 post--> 2.0997674
###############################
###############################
 Iteration 19750:
Training:  pre --> 3.3552089 post--> 0.09500937
Validation:  pre--> 14.361224 post--> 2.3657088
###############################
###############################
 Iteration 19800:
Training:  pre --> 4.422545 post--> 0.03266385
Validation:  pre--> 14.617104 post--> 2.0769658
###############################
###############################
 Iteration 19850:
Training:  pre --> 4.7526336 post--> 0.06123817
Validation:  pre--> 13.683609 post--> 1.9739447
###############################
###############################
 Iteration 19900:
Training:  pre --> 4.255006 post--> 0.01401001
Validation:  pre--> 14.40684 post--> 2.7506385
###############################
###############################
 Iteration 19950:
Training:  pre --> 5.0052333 post--> 0.030943245
Validation:  pre--> 12.841934 post--> 1.8723066
###############################
###############################
 Iteration 20000:
Training:  pre --> 5.0691657 post--> 0.04534466
Validation:  pre--> 14.693936 post--> 2.1237893
###############################
###############################
 Iteration 20050:
Training:  pre --> 4.620651 post--> 0.11223624
Validation:  pre--> 12.758985 post--> 1.9934013
###############################
###############################
 Iteration 20100:
Training:  pre --> 4.9823246 post--> 0.17342627
Validation:  pre--> 15.20022 post--> 2.753296
###############################
###############################
 Iteration 20150:
Training:  pre --> 4.1155195 post--> 0.3892911
Validation:  pre--> 12.896243 post--> 2.9474533
###############################
###############################
 Iteration 20200:
Training:  pre --> 4.3930345 post--> 0.21069738
Validation:  pre--> 15.306102 post--> 2.057632
###############################
###############################
 Iteration 20250:
Training:  pre --> 4.5236974 post--> 0.30425626
Validation:  pre--> 13.994817 post--> 2.5016332
###############################
###############################
 Iteration 20300:
Training:  pre --> 4.3026023 post--> 0.07495103
Validation:  pre--> 14.139435 post--> 1.9484829
###############################
###############################
 Iteration 20350:
Training:  pre --> 4.817851 post--> 0.022666834
Validation:  pre--> 15.359729 post--> 1.9818863
###############################
###############################
 Iteration 20400:
Training:  pre --> 5.8831425 post--> 0.041445717
Validation:  pre--> 15.097427 post--> 2.6733818
###############################
###############################
 Iteration 20450:
Training:  pre --> 4.3629107 post--> 0.03392133
Validation:  pre--> 14.127049 post--> 2.1701798
###############################
###############################
 Iteration 20500:
Training:  pre --> 5.0269995 post--> 0.04541484
Validation:  pre--> 13.105326 post--> 1.8022499
###############################
###############################
 Iteration 20550:
Training:  pre --> 5.9840136 post--> 0.009657115
Validation:  pre--> 16.409306 post--> 2.1363778
###############################
###############################
 Iteration 20600:
Training:  pre --> 3.9973187 post--> 0.036444157
Validation:  pre--> 12.125419 post--> 2.282964
###############################
###############################
 Iteration 20650:
Training:  pre --> 4.665324 post--> 0.038793705
Validation:  pre--> 14.350141 post--> 1.9933491
###############################
###############################
 Iteration 20700:
Training:  pre --> 3.4304166 post--> 0.059481222
Validation:  pre--> 14.473581 post--> 1.8245125
###############################
###############################
 Iteration 20750:
Training:  pre --> 5.002562 post--> 0.014435761
Validation:  pre--> 11.7825575 post--> 2.6307385
###############################
###############################
 Iteration 20800:
Training:  pre --> 4.5047283 post--> 0.022948718
Validation:  pre--> 13.891978 post--> 1.9682583
###############################
###############################
 Iteration 20850:
Training:  pre --> 5.5589542 post--> 0.058182728
Validation:  pre--> 15.925998 post--> 2.1491294
###############################
###############################
 Iteration 20900:
Training:  pre --> 3.6315894 post--> 0.011854395
Validation:  pre--> 13.524806 post--> 1.6726844
###############################
###############################
 Iteration 20950:
Training:  pre --> 2.7184498 post--> 0.04484377
Validation:  pre--> 15.61185 post--> 2.0317984
###############################
###############################
 Iteration 21000:
Training:  pre --> 3.7711468 post--> 0.051930767
Validation:  pre--> 13.464167 post--> 1.6239178
###############################
###############################
 Iteration 21050:
Training:  pre --> 4.0318894 post--> 0.092381135
Validation:  pre--> 13.393082 post--> 2.72834
###############################
###############################
 Iteration 21100:
Training:  pre --> 5.2718472 post--> 0.21450834
Validation:  pre--> 14.551981 post--> 2.077259
###############################
###############################
 Iteration 21150:
Training:  pre --> 6.6086783 post--> 0.13176185
Validation:  pre--> 15.440512 post--> 2.1718688
###############################
###############################
 Iteration 21200:
Training:  pre --> 3.2189002 post--> 0.26008725
Validation:  pre--> 15.274928 post--> 1.6897236
###############################
###############################
 Iteration 21250:
Training:  pre --> 4.410304 post--> 0.18412043
Validation:  pre--> 15.336499 post--> 2.244475
###############################
###############################
 Iteration 21300:
Training:  pre --> 5.708267 post--> 0.12948631
Validation:  pre--> 14.428378 post--> 2.240084
###############################
###############################
 Iteration 21350:
Training:  pre --> 3.4264846 post--> 0.14385106
Validation:  pre--> 14.590691 post--> 2.0927882
###############################
###############################
 Iteration 21400:
Training:  pre --> 5.6325665 post--> 0.030279208
Validation:  pre--> 13.355405 post--> 2.2338667
###############################
###############################
 Iteration 21450:
Training:  pre --> 5.761934 post--> 0.031359944
Validation:  pre--> 13.053454 post--> 2.2941852
###############################
###############################
 Iteration 21500:
Training:  pre --> 3.5387168 post--> 0.11336361
Validation:  pre--> 14.640305 post--> 1.7848873
###############################
###############################
 Iteration 21550:
Training:  pre --> 5.296472 post--> 0.14732894
Validation:  pre--> 13.235898 post--> 1.8454682
###############################
###############################
 Iteration 21600:
Training:  pre --> 5.678582 post--> 0.029770443
Validation:  pre--> 14.245649 post--> 2.197404
###############################
###############################
 Iteration 21650:
Training:  pre --> 5.446878 post--> 0.027963335
Validation:  pre--> 14.703244 post--> 1.7456245
###############################
###############################
 Iteration 21700:
Training:  pre --> 5.7242937 post--> 0.03747792
Validation:  pre--> 14.567873 post--> 1.8457617
###############################
###############################
 Iteration 21750:
Training:  pre --> 3.4964283 post--> 0.13079248
Validation:  pre--> 15.676723 post--> 2.1766677
###############################
###############################
 Iteration 21800:
Training:  pre --> 5.710328 post--> 0.06326935
Validation:  pre--> 14.551244 post--> 2.4171302
###############################
###############################
 Iteration 21850:
Training:  pre --> 4.439243 post--> 0.034031626
Validation:  pre--> 13.349558 post--> 1.9524086
###############################
###############################
 Iteration 21900:
Training:  pre --> 3.812575 post--> 0.10578044
Validation:  pre--> 13.0164585 post--> 2.225574
###############################
###############################
 Iteration 21950:
Training:  pre --> 5.783456 post--> 0.044156056
Validation:  pre--> 14.170599 post--> 2.37792
###############################
###############################
 Iteration 22000:
Training:  pre --> 4.681719 post--> 0.08100312
Validation:  pre--> 14.833418 post--> 2.2908604
###############################
###############################
 Iteration 22050:
Training:  pre --> 6.492517 post--> 0.05516094
Validation:  pre--> 15.600611 post--> 1.6346794
###############################
###############################
 Iteration 22100:
Training:  pre --> 4.6749434 post--> 0.042088367
Validation:  pre--> 13.646952 post--> 2.4743457
###############################
###############################
 Iteration 22150:
Training:  pre --> 5.1527147 post--> 0.032795437
Validation:  pre--> 15.154955 post--> 2.0898244
###############################
###############################
 Iteration 22200:
Training:  pre --> 5.61432 post--> 0.028106147
Validation:  pre--> 13.982576 post--> 1.8942038
###############################
###############################
 Iteration 22250:
Training:  pre --> 4.266526 post--> 0.03256082
Validation:  pre--> 13.36939 post--> 2.4225786
###############################
###############################
 Iteration 22300:
Training:  pre --> 5.700027 post--> 0.038200945
Validation:  pre--> 16.1795 post--> 1.9397256
###############################
###############################
 Iteration 22350:
Training:  pre --> 3.9529686 post--> 0.016344981
Validation:  pre--> 13.039488 post--> 2.0387444
###############################
###############################
 Iteration 22400:
Training:  pre --> 4.8910275 post--> 0.023739522
Validation:  pre--> 13.425997 post--> 2.0180497
###############################
###############################
 Iteration 22450:
Training:  pre --> 5.2059946 post--> 0.046851642
Validation:  pre--> 14.735539 post--> 2.0194285
###############################
###############################
 Iteration 22500:
Training:  pre --> 4.943166 post--> 0.018900152
Validation:  pre--> 15.508731 post--> 2.2752833
###############################
###############################
 Iteration 22550:
Training:  pre --> 2.645707 post--> 0.016252946
Validation:  pre--> 13.493662 post--> 2.075888
###############################
###############################
 Iteration 22600:
Training:  pre --> 5.102135 post--> 0.0969426
Validation:  pre--> 14.976649 post--> 2.4209392
###############################
###############################
 Iteration 22650:
Training:  pre --> 4.6844788 post--> 0.32539803
Validation:  pre--> 14.358319 post--> 2.5720792
###############################
###############################
 Iteration 22700:
Training:  pre --> 5.529815 post--> 0.26037803
Validation:  pre--> 14.0676985 post--> 2.4772441
###############################
###############################
 Iteration 22750:
Training:  pre --> 5.546122 post--> 0.45849305
Validation:  pre--> 12.406954 post--> 2.6525376
###############################
###############################
 Iteration 22800:
Training:  pre --> 4.876845 post--> 0.10604767
Validation:  pre--> 14.053276 post--> 2.5476391
###############################
###############################
 Iteration 22850:
Training:  pre --> 4.3805456 post--> 0.07308425
Validation:  pre--> 12.743272 post--> 2.0267344
###############################
###############################
 Iteration 22900:
Training:  pre --> 4.9919043 post--> 0.05699253
Validation:  pre--> 15.661046 post--> 2.1500103
###############################
###############################
 Iteration 22950:
Training:  pre --> 3.2479215 post--> 0.0968069
Validation:  pre--> 13.98688 post--> 1.9971983
###############################
###############################
 Iteration 23000:
Training:  pre --> 3.8901248 post--> 0.11761109
Validation:  pre--> 13.889415 post--> 2.5508852
###############################
###############################
 Iteration 23050:
Training:  pre --> 5.8776855 post--> 0.10280883
Validation:  pre--> 13.626768 post--> 2.5372624
###############################
###############################
 Iteration 23100:
Training:  pre --> 5.316981 post--> 0.047306977
Validation:  pre--> 13.56703 post--> 1.7642975
###############################
###############################
 Iteration 23150:
Training:  pre --> 5.162141 post--> 0.029547017
Validation:  pre--> 14.010175 post--> 2.1009936
###############################
###############################
 Iteration 23200:
Training:  pre --> 4.8909345 post--> 0.015051636
Validation:  pre--> 13.688031 post--> 1.911833
###############################
###############################
 Iteration 23250:
Training:  pre --> 4.322938 post--> 0.024641208
Validation:  pre--> 13.811544 post--> 1.9759715
###############################
###############################
 Iteration 23300:
Training:  pre --> 4.084223 post--> 0.008112237
Validation:  pre--> 13.522908 post--> 2.1707025
###############################
###############################
 Iteration 23350:
Training:  pre --> 3.8224235 post--> 0.047953177
Validation:  pre--> 14.322482 post--> 2.116853
###############################
###############################
 Iteration 23400:
Training:  pre --> 2.3493721 post--> 0.05122915
Validation:  pre--> 11.912706 post--> 2.121524
###############################
###############################
 Iteration 23450:
Training:  pre --> 4.9990153 po